Started GET "/" for 127.0.0.1 at 2022-09-14 16:13:51 -0300
Processing by Rails::WelcomeController#index as HTML
  Rendering /Users/augustocmallmann/.asdf/installs/ruby/3.1.2/lib/ruby/gems/3.1.0/gems/railties-7.0.4/lib/rails/templates/rails/welcome/index.html.erb
  Rendered /Users/augustocmallmann/.asdf/installs/ruby/3.1.2/lib/ruby/gems/3.1.0/gems/railties-7.0.4/lib/rails/templates/rails/welcome/index.html.erb (Duration: 2.4ms | Allocations: 634)
Completed 200 OK in 19ms (Views: 7.6ms | ActiveRecord: 0.0ms | Allocations: 5035)


Started GET "/" for 127.0.0.1 at 2022-09-14 16:17:24 -0300
Processing by Rails::WelcomeController#index as HTML
  Rendering /Users/augustocmallmann/.asdf/installs/ruby/3.1.2/lib/ruby/gems/3.1.0/gems/railties-7.0.4/lib/rails/templates/rails/welcome/index.html.erb
  Rendered /Users/augustocmallmann/.asdf/installs/ruby/3.1.2/lib/ruby/gems/3.1.0/gems/railties-7.0.4/lib/rails/templates/rails/welcome/index.html.erb (Duration: 1.3ms | Allocations: 308)
Completed 200 OK in 2ms (Views: 2.0ms | Allocations: 986)


Started GET "/" for 127.0.0.1 at 2022-09-14 16:17:54 -0300
Processing by PagesController#index as HTML
  Rendering layout layouts/application.html.erb
  Rendering pages/index.html.erb within layouts/application
  Rendered pages/index.html.erb within layouts/application (Duration: 0.3ms | Allocations: 134)
  Rendered layout layouts/application.html.erb (Duration: 5744.7ms | Allocations: 373074)
Completed 500 Internal Server Error in 5747ms (Allocations: 373999)


  
ActionView::Template::Error (undefined local variable or method `javascript_importmap_tags' for #<ActionView::Base:0x00000000012b10>

    '.freeze;@output_buffer.append=( javascript_importmap_tags );@output_buffer.safe_append='
                                     ^^^^^^^^^^^^^^^^^^^^^^^^^
Did you mean?  javascript_tag):
     7:     <%= csp_meta_tag %>
     8: 
     9:     <%= stylesheet_link_tag "application", "data-turbo-track": "reload" %>
    10:     <%= javascript_importmap_tags %>
    11:   </head>
    12: 
    13:   <body>
  
app/views/layouts/application.html.erb:10
Started GET "/" for 127.0.0.1 at 2022-09-14 16:18:50 -0300
Processing by PagesController#index as HTML
  Rendering layout layouts/application.html.erb
  Rendering pages/index.html.erb within layouts/application
  Rendered pages/index.html.erb within layouts/application (Duration: 0.6ms | Allocations: 135)
  Rendered layout layouts/application.html.erb (Duration: 47.4ms | Allocations: 36041)
Completed 200 OK in 49ms (Views: 48.7ms | Allocations: 36979)


Started GET "/" for 127.0.0.1 at 2022-09-14 16:21:51 -0300
Processing by PagesController#index as HTML
  Rendering layout layouts/application.html.erb
  Rendering pages/index.html.erb within layouts/application
  Rendered pages/index.html.erb within layouts/application (Duration: 38.7ms | Allocations: 15371)
  Rendered layout layouts/application.html.erb (Duration: 85.0ms | Allocations: 51388)
Completed 200 OK in 87ms (Views: 86.5ms | Allocations: 52206)


Started GET "/" for 127.0.0.1 at 2022-09-14 16:33:22 -0300
Processing by PagesController#index as HTML
  Rendering layout layouts/application.html.erb
  Rendering pages/index.html.erb within layouts/application
  Rendered pages/index.html.erb within layouts/application (Duration: 5.2ms | Allocations: 1742)
  Rendered layout layouts/application.html.erb (Duration: 2547.6ms | Allocations: 134191)
Completed 500 Internal Server Error in 2548ms (Allocations: 134452)


  
ActionView::Template::Error (Error: File to import not found or unreadable: ../fonts/site-fonts.
        on line 8:1 of app/assets/stylesheets/application.scss
>> @import "../fonts/site-fonts"

   ^
):
     6:     <%= csrf_meta_tags %>
     7:     <%= csp_meta_tag %>
     8: 
     9:     <%= stylesheet_link_tag "application", "data-turbo-track": "reload" %>
    10:   </head>
    11: 
    12:   <body>
  
app/assets/stylesheets/application.scss:8
app/views/layouts/application.html.erb:9
Started GET "/" for 127.0.0.1 at 2022-09-14 16:33:33 -0300
Processing by PagesController#index as HTML
  Rendering layout layouts/application.html.erb
  Rendering pages/index.html.erb within layouts/application
  Rendered pages/index.html.erb within layouts/application (Duration: 5.0ms | Allocations: 1729)
  Rendered layout layouts/application.html.erb (Duration: 2399.8ms | Allocations: 134052)
Completed 500 Internal Server Error in 2400ms (Allocations: 134266)


  
ActionView::Template::Error (Error: File to import not found or unreadable: ../fonts/fonts.
        on line 8:1 of app/assets/stylesheets/application.scss
>> @import "../fonts/fonts"

   ^
):
     6:     <%= csrf_meta_tags %>
     7:     <%= csp_meta_tag %>
     8: 
     9:     <%= stylesheet_link_tag "application", "data-turbo-track": "reload" %>
    10:   </head>
    11: 
    12:   <body>
  
app/assets/stylesheets/application.scss:8
app/views/layouts/application.html.erb:9
Started GET "/" for 127.0.0.1 at 2022-09-14 16:35:22 -0300
Processing by PagesController#index as HTML
  Rendering layout layouts/application.html.erb
  Rendering pages/index.html.erb within layouts/application
  Rendered pages/index.html.erb within layouts/application (Duration: 5.3ms | Allocations: 1726)
  Rendered layout layouts/application.html.erb (Duration: 5006.1ms | Allocations: 262115)
Completed 200 OK in 5007ms (Views: 5006.7ms | Allocations: 262347)


Started GET "/fonts/ProximaNova-Thin.woff2" for 127.0.0.1 at 2022-09-14 16:35:27 -0300
Started GET "/fonts/ProximaNova-Semibold.woff2" for 127.0.0.1 at 2022-09-14 16:35:27 -0300
  
ActionController::RoutingError (No route matches [GET] "/fonts/ProximaNova-Thin.woff2"):
  
  
ActionController::RoutingError (No route matches [GET] "/fonts/ProximaNova-Semibold.woff2"):
  
Started GET "/" for 127.0.0.1 at 2022-09-14 16:36:13 -0300
Processing by PagesController#index as HTML
  Rendering layout layouts/application.html.erb
  Rendering pages/index.html.erb within layouts/application
  Rendered pages/index.html.erb within layouts/application (Duration: 5.0ms | Allocations: 1758)
  Rendered layout layouts/application.html.erb (Duration: 54.8ms | Allocations: 37293)
Completed 200 OK in 55ms (Views: 55.2ms | Allocations: 37560)


Started GET "/fonts/ProximaNova-Thin.woff2" for 127.0.0.1 at 2022-09-14 16:36:13 -0300
Started GET "/fonts/ProximaNova-Semibold.woff2" for 127.0.0.1 at 2022-09-14 16:36:13 -0300
  
ActionController::RoutingError (No route matches [GET] "/fonts/ProximaNova-Thin.woff2"):
  
  
ActionController::RoutingError (No route matches [GET] "/fonts/ProximaNova-Semibold.woff2"):
  
Started GET "/" for 127.0.0.1 at 2022-09-14 16:37:24 -0300
Processing by PagesController#index as HTML
  Rendering layout layouts/application.html.erb
  Rendering pages/index.html.erb within layouts/application
  Rendered pages/index.html.erb within layouts/application (Duration: 5.2ms | Allocations: 1726)
  Rendered layout layouts/application.html.erb (Duration: 4871.1ms | Allocations: 277293)
Completed 200 OK in 4872ms (Views: 4871.5ms | Allocations: 277525)


Started GET "/ProximaNova-Thin.woff2" for 127.0.0.1 at 2022-09-14 16:37:29 -0300
Started GET "/ProximaNova-Semibold.woff2" for 127.0.0.1 at 2022-09-14 16:37:29 -0300
  
ActionController::RoutingError (No route matches [GET] "/ProximaNova-Thin.woff2"):
  
  
ActionController::RoutingError (No route matches [GET] "/ProximaNova-Semibold.woff2"):
  
Started GET "/" for 127.0.0.1 at 2022-09-14 16:40:12 -0300
Processing by PagesController#index as HTML
  Rendering layout layouts/application.html.erb
  Rendering pages/index.html.erb within layouts/application
  Rendered pages/index.html.erb within layouts/application (Duration: 5.3ms | Allocations: 1726)
  Rendered layout layouts/application.html.erb (Duration: 4849.3ms | Allocations: 285839)
Completed 200 OK in 4850ms (Views: 4849.7ms | Allocations: 286071)


Started GET "/ProximaNova-Thin.woff2" for 127.0.0.1 at 2022-09-14 16:40:17 -0300
Started GET "/ProximaNova-Semibold.woff2" for 127.0.0.1 at 2022-09-14 16:40:17 -0300
  
ActionController::RoutingError (No route matches [GET] "/ProximaNova-Thin.woff2"):
  
  
ActionController::RoutingError (No route matches [GET] "/ProximaNova-Semibold.woff2"):
  
Started GET "/" for 127.0.0.1 at 2022-09-15 09:58:45 -0300
Processing by PagesController#index as HTML
  Rendering layout layouts/application.html.erb
  Rendering pages/index.html.erb within layouts/application
  Rendered pages/index.html.erb within layouts/application (Duration: 53.8ms | Allocations: 1726)
  Rendered layout layouts/application.html.erb (Duration: 5574.6ms | Allocations: 277632)
Completed 200 OK in 5588ms (Views: 5580.0ms | Allocations: 277864)


  
ActionController::RoutingError (No route matches [GET] "/assets/fonts/ProximaNova-Thin.woff2"):
  
  
ActionController::RoutingError (No route matches [GET] "/assets/fonts/ProximaNova-Semibold.woff2"):
  
Started GET "/" for 127.0.0.1 at 2022-09-15 09:58:54 -0300
Processing by PagesController#index as HTML
  Rendering layout layouts/application.html.erb
  Rendering pages/index.html.erb within layouts/application
  Rendered pages/index.html.erb within layouts/application (Duration: 4.9ms | Allocations: 1726)
  Rendered layout layouts/application.html.erb (Duration: 51.8ms | Allocations: 36511)
Completed 200 OK in 52ms (Views: 52.2ms | Allocations: 36743)


  
ActionController::RoutingError (No route matches [GET] "/assets/fonts/ProximaNova-Thin.woff2"):
  
  
ActionController::RoutingError (No route matches [GET] "/assets/fonts/ProximaNova-Semibold.woff2"):
  
Started GET "/" for 127.0.0.1 at 2022-09-15 09:58:57 -0300
Processing by PagesController#index as HTML
  Rendering layout layouts/application.html.erb
  Rendering pages/index.html.erb within layouts/application
  Rendered pages/index.html.erb within layouts/application (Duration: 4.7ms | Allocations: 1726)
  Rendered layout layouts/application.html.erb (Duration: 51.7ms | Allocations: 37185)
Completed 200 OK in 52ms (Views: 52.2ms | Allocations: 37417)


  
ActionController::RoutingError (No route matches [GET] "/assets/fonts/ProximaNova-Thin.woff2"):
  
  
ActionController::RoutingError (No route matches [GET] "/assets/fonts/ProximaNova-Semibold.woff2"):
  
Started GET "/" for 127.0.0.1 at 2022-09-15 10:02:58 -0300
Processing by PagesController#index as HTML
  Rendering layout layouts/application.html.erb
  Rendering pages/index.html.erb within layouts/application
  Rendered pages/index.html.erb within layouts/application (Duration: 6.6ms | Allocations: 1726)
  Rendered layout layouts/application.html.erb (Duration: 2653.2ms | Allocations: 186287)
Completed 500 Internal Server Error in 2654ms (Allocations: 186499)


  
ActionView::Template::Error (Error: File to import not found or unreadable: ../fonts/fonts.
        on line 8:1 of app/assets/stylesheets/application.scss
>> @import "../fonts/fonts"

   ^
):
     6:     <%= csrf_meta_tags %>
     7:     <%= csp_meta_tag %>
     8: 
     9:     <%= stylesheet_link_tag "application", "data-turbo-track": "reload" %>
    10:   </head>
    11: 
    12:   <body>
  
app/assets/stylesheets/application.scss:8
app/views/layouts/application.html.erb:9
Started GET "/" for 127.0.0.1 at 2022-09-15 10:03:36 -0300
Processing by PagesController#index as HTML
  Rendering layout layouts/application.html.erb
  Rendering pages/index.html.erb within layouts/application
  Rendered pages/index.html.erb within layouts/application (Duration: 5.0ms | Allocations: 1726)
  Rendered layout layouts/application.html.erb (Duration: 5133.1ms | Allocations: 246317)
Completed 200 OK in 5134ms (Views: 5133.5ms | Allocations: 246550)


  
ActionController::RoutingError (No route matches [GET] "/assets/fonts/ProximaNova-Thin.woff2"):
  
  
ActionController::RoutingError (No route matches [GET] "/assets/fonts/ProximaNova-Semibold.woff2"):
  
Started GET "/" for 127.0.0.1 at 2022-09-15 10:04:37 -0300
Processing by PagesController#index as HTML
  Rendering layout layouts/application.html.erb
  Rendering pages/index.html.erb within layouts/application
  Rendered pages/index.html.erb within layouts/application (Duration: 5.5ms | Allocations: 1726)
  Rendered layout layouts/application.html.erb (Duration: 4786.0ms | Allocations: 275160)
Completed 200 OK in 4787ms (Views: 4786.4ms | Allocations: 275393)


Started GET "/app/assets/fonts/ProximaNova-Thin.woff2" for 127.0.0.1 at 2022-09-15 10:04:42 -0300
Started GET "/app/assets/fonts/ProximaNova-Semibold.woff2" for 127.0.0.1 at 2022-09-15 10:04:42 -0300
  
ActionController::RoutingError (No route matches [GET] "/app/assets/fonts/ProximaNova-Thin.woff2"):
  
  
ActionController::RoutingError (No route matches [GET] "/app/assets/fonts/ProximaNova-Semibold.woff2"):
  
Started GET "/" for 127.0.0.1 at 2022-09-15 10:04:44 -0300
Processing by PagesController#index as HTML
  Rendering layout layouts/application.html.erb
  Rendering pages/index.html.erb within layouts/application
  Rendered pages/index.html.erb within layouts/application (Duration: 4.7ms | Allocations: 1726)
  Rendered layout layouts/application.html.erb (Duration: 49.7ms | Allocations: 36516)
Completed 200 OK in 50ms (Views: 50.1ms | Allocations: 36749)


Started GET "/app/assets/fonts/ProximaNova-Thin.woff2" for 127.0.0.1 at 2022-09-15 10:04:44 -0300
Started GET "/app/assets/fonts/ProximaNova-Semibold.woff2" for 127.0.0.1 at 2022-09-15 10:04:44 -0300
  
ActionController::RoutingError (No route matches [GET] "/app/assets/fonts/ProximaNova-Thin.woff2"):
  
  
ActionController::RoutingError (No route matches [GET] "/app/assets/fonts/ProximaNova-Semibold.woff2"):
  
Started GET "/" for 127.0.0.1 at 2022-09-15 10:12:36 -0300
Processing by PagesController#index as HTML
  Rendering layout layouts/application.html.erb
  Rendering pages/index.html.erb within layouts/application
  Rendered pages/index.html.erb within layouts/application (Duration: 3.7ms | Allocations: 1726)
  Rendered layout layouts/application.html.erb (Duration: 59.6ms | Allocations: 36571)
Completed 200 OK in 60ms (Views: 60.1ms | Allocations: 36803)


  
ActionController::RoutingError (No route matches [GET] "/assets/fonts/ProximaNova-Thin.woff2"):
  
  
ActionController::RoutingError (No route matches [GET] "/assets/fonts/ProximaNova-Semibold.woff2"):
  
Started GET "/" for 127.0.0.1 at 2022-09-15 10:14:41 -0300
Processing by PagesController#index as HTML
  Rendering layout layouts/application.html.erb
  Rendering pages/index.html.erb within layouts/application
  Rendered pages/index.html.erb within layouts/application (Duration: 5.6ms | Allocations: 1726)
  Rendered layout layouts/application.html.erb (Duration: 5835.1ms | Allocations: 284118)
Completed 200 OK in 5836ms (Views: 5835.5ms | Allocations: 284350)


Started GET "/fonts/ProximaNova-Thin.woff2" for 127.0.0.1 at 2022-09-15 10:14:47 -0300
Started GET "/fonts/ProximaNova-Semibold.woff2" for 127.0.0.1 at 2022-09-15 10:14:47 -0300
  
ActionController::RoutingError (No route matches [GET] "/fonts/ProximaNova-Thin.woff2"):
  
  
ActionController::RoutingError (No route matches [GET] "/fonts/ProximaNova-Semibold.woff2"):
  
Started GET "/" for 127.0.0.1 at 2022-09-15 10:16:54 -0300
Processing by PagesController#index as HTML
  Rendering layout layouts/application.html.erb
  Rendering pages/index.html.erb within layouts/application
  Rendered pages/index.html.erb within layouts/application (Duration: 6.4ms | Allocations: 1726)
  Rendered layout layouts/application.html.erb (Duration: 6116.3ms | Allocations: 295194)
Completed 200 OK in 6117ms (Views: 6116.8ms | Allocations: 295426)


Started GET "/fonts/ProximaNova-Thin.woff2" for 127.0.0.1 at 2022-09-15 10:17:00 -0300
Started GET "/fonts/ProximaNova-Semibold.woff2" for 127.0.0.1 at 2022-09-15 10:17:01 -0300
  
ActionController::RoutingError (No route matches [GET] "/fonts/ProximaNova-Thin.woff2"):
  
  
ActionController::RoutingError (No route matches [GET] "/fonts/ProximaNova-Semibold.woff2"):
  
Started GET "/" for 127.0.0.1 at 2022-09-15 10:17:05 -0300
Processing by PagesController#index as HTML
  Rendering layout layouts/application.html.erb
  Rendering pages/index.html.erb within layouts/application
  Rendered pages/index.html.erb within layouts/application (Duration: 5.9ms | Allocations: 1726)
  Rendered layout layouts/application.html.erb (Duration: 56.9ms | Allocations: 36521)
Completed 200 OK in 58ms (Views: 57.5ms | Allocations: 36753)


Started GET "/fonts/ProximaNova-Thin.woff2" for 127.0.0.1 at 2022-09-15 10:17:05 -0300
Started GET "/fonts/ProximaNova-Semibold.woff2" for 127.0.0.1 at 2022-09-15 10:17:05 -0300
  
ActionController::RoutingError (No route matches [GET] "/fonts/ProximaNova-Thin.woff2"):
  
  
ActionController::RoutingError (No route matches [GET] "/fonts/ProximaNova-Semibold.woff2"):
  
Started GET "/" for 127.0.0.1 at 2022-09-15 10:17:23 -0300
Processing by PagesController#index as HTML
  Rendering layout layouts/application.html.erb
  Rendering pages/index.html.erb within layouts/application
  Rendered pages/index.html.erb within layouts/application (Duration: 18.9ms | Allocations: 7011)
  Rendered layout layouts/application.html.erb (Duration: 6765.3ms | Allocations: 429724)
Completed 200 OK in 6776ms (Views: 6769.2ms | ActiveRecord: 0.0ms | Allocations: 433064)


Started GET "/" for 127.0.0.1 at 2022-09-15 10:24:26 -0300
Processing by PagesController#index as HTML
  Rendering layout layouts/application.html.erb
  Rendering pages/index.html.erb within layouts/application
  Rendered pages/index.html.erb within layouts/application (Duration: 17.8ms | Allocations: 7011)
  Rendered layout layouts/application.html.erb (Duration: 519.7ms | Allocations: 163326)
Completed 200 OK in 529ms (Views: 522.7ms | ActiveRecord: 0.0ms | Allocations: 166665)


Started GET "/fonts/ProximaNova-Thin.woff2" for 127.0.0.1 at 2022-09-15 10:24:27 -0300
Started GET "/fonts/ProximaNova-Semibold.woff2" for 127.0.0.1 at 2022-09-15 10:24:27 -0300
  
ActionController::RoutingError (No route matches [GET] "/fonts/ProximaNova-Thin.woff2"):
  
  
ActionController::RoutingError (No route matches [GET] "/fonts/ProximaNova-Semibold.woff2"):
  

NameError: constant WebConsole::SourceLocation not defined

          source_location = SourceLocation.new(binding)
                            ^^^^^^^^^^^^^^
	from /Users/augustocmallmann/.asdf/installs/ruby/3.1.2/lib/ruby/gems/3.1.0/gems/web-console-4.2.0/lib/web_console/exception_mapper.rb:51:in `block in guess_the_first_application_binding'
	from /Users/augustocmallmann/.asdf/installs/ruby/3.1.2/lib/ruby/gems/3.1.0/gems/web-console-4.2.0/lib/web_console/exception_mapper.rb:50:in `each'
	from /Users/augustocmallmann/.asdf/installs/ruby/3.1.2/lib/ruby/gems/3.1.0/gems/web-console-4.2.0/lib/web_console/exception_mapper.rb:50:in `find'
	from /Users/augustocmallmann/.asdf/installs/ruby/3.1.2/lib/ruby/gems/3.1.0/gems/web-console-4.2.0/lib/web_console/exception_mapper.rb:50:in `guess_the_first_application_binding'
	from /Users/augustocmallmann/.asdf/installs/ruby/3.1.2/lib/ruby/gems/3.1.0/gems/web-console-4.2.0/lib/web_console/exception_mapper.rb:30:in `first'
	from /Users/augustocmallmann/.asdf/installs/ruby/3.1.2/lib/ruby/gems/3.1.0/gems/web-console-4.2.0/lib/web_console/session.rb:48:in `initialize'
	from /Users/augustocmallmann/.asdf/installs/ruby/3.1.2/lib/ruby/gems/3.1.0/gems/web-console-4.2.0/lib/web_console/session.rb:34:in `new'
	from /Users/augustocmallmann/.asdf/installs/ruby/3.1.2/lib/ruby/gems/3.1.0/gems/web-console-4.2.0/lib/web_console/session.rb:34:in `from'
	from /Users/augustocmallmann/.asdf/installs/ruby/3.1.2/lib/ruby/gems/3.1.0/gems/web-console-4.2.0/lib/web_console/middleware.rb:30:in `block in call'
	from /Users/augustocmallmann/.asdf/installs/ruby/3.1.2/lib/ruby/gems/3.1.0/gems/web-console-4.2.0/lib/web_console/middleware.rb:17:in `catch'
	from /Users/augustocmallmann/.asdf/installs/ruby/3.1.2/lib/ruby/gems/3.1.0/gems/web-console-4.2.0/lib/web_console/middleware.rb:17:in `call'
	from /Users/augustocmallmann/.asdf/installs/ruby/3.1.2/lib/ruby/gems/3.1.0/gems/actionpack-7.0.4/lib/action_dispatch/middleware/show_exceptions.rb:26:in `call'
	from /Users/augustocmallmann/.asdf/installs/ruby/3.1.2/lib/ruby/gems/3.1.0/gems/railties-7.0.4/lib/rails/rack/logger.rb:40:in `call_app'
	from /Users/augustocmallmann/.asdf/installs/ruby/3.1.2/lib/ruby/gems/3.1.0/gems/railties-7.0.4/lib/rails/rack/logger.rb:25:in `block in call'
	from /Users/augustocmallmann/.asdf/installs/ruby/3.1.2/lib/ruby/gems/3.1.0/gems/activesupport-7.0.4/lib/active_support/tagged_logging.rb:99:in `block in tagged'
	from /Users/augustocmallmann/.asdf/installs/ruby/3.1.2/lib/ruby/gems/3.1.0/gems/activesupport-7.0.4/lib/active_support/tagged_logging.rb:37:in `tagged'
	from /Users/augustocmallmann/.asdf/installs/ruby/3.1.2/lib/ruby/gems/3.1.0/gems/activesupport-7.0.4/lib/active_support/tagged_logging.rb:99:in `tagged'
	from /Users/augustocmallmann/.asdf/installs/ruby/3.1.2/lib/ruby/gems/3.1.0/gems/railties-7.0.4/lib/rails/rack/logger.rb:25:in `call'
	from /Users/augustocmallmann/.asdf/installs/ruby/3.1.2/lib/ruby/gems/3.1.0/gems/sprockets-rails-3.4.2/lib/sprockets/rails/quiet_assets.rb:13:in `call'
	from /Users/augustocmallmann/.asdf/installs/ruby/3.1.2/lib/ruby/gems/3.1.0/gems/actionpack-7.0.4/lib/action_dispatch/middleware/remote_ip.rb:93:in `call'
	from /Users/augustocmallmann/.asdf/installs/ruby/3.1.2/lib/ruby/gems/3.1.0/gems/actionpack-7.0.4/lib/action_dispatch/middleware/request_id.rb:26:in `call'
	from /Users/augustocmallmann/.asdf/installs/ruby/3.1.2/lib/ruby/gems/3.1.0/gems/rack-2.2.4/lib/rack/method_override.rb:24:in `call'
	from /Users/augustocmallmann/.asdf/installs/ruby/3.1.2/lib/ruby/gems/3.1.0/gems/rack-2.2.4/lib/rack/runtime.rb:22:in `call'
	from /Users/augustocmallmann/.asdf/installs/ruby/3.1.2/lib/ruby/gems/3.1.0/gems/activesupport-7.0.4/lib/active_support/cache/strategy/local_cache_middleware.rb:29:in `call'
	from /Users/augustocmallmann/.asdf/installs/ruby/3.1.2/lib/ruby/gems/3.1.0/gems/actionpack-7.0.4/lib/action_dispatch/middleware/server_timing.rb:61:in `block in call'
	from /Users/augustocmallmann/.asdf/installs/ruby/3.1.2/lib/ruby/gems/3.1.0/gems/actionpack-7.0.4/lib/action_dispatch/middleware/server_timing.rb:26:in `collect_events'
	from /Users/augustocmallmann/.asdf/installs/ruby/3.1.2/lib/ruby/gems/3.1.0/gems/actionpack-7.0.4/lib/action_dispatch/middleware/server_timing.rb:60:in `call'
	from /Users/augustocmallmann/.asdf/installs/ruby/3.1.2/lib/ruby/gems/3.1.0/gems/actionpack-7.0.4/lib/action_dispatch/middleware/executor.rb:14:in `call'
	from /Users/augustocmallmann/.asdf/installs/ruby/3.1.2/lib/ruby/gems/3.1.0/gems/actionpack-7.0.4/lib/action_dispatch/middleware/static.rb:23:in `call'
	from /Users/augustocmallmann/.asdf/installs/ruby/3.1.2/lib/ruby/gems/3.1.0/gems/rack-2.2.4/lib/rack/sendfile.rb:110:in `call'
	from /Users/augustocmallmann/.asdf/installs/ruby/3.1.2/lib/ruby/gems/3.1.0/gems/actionpack-7.0.4/lib/action_dispatch/middleware/host_authorization.rb:137:in `call'
	from /Users/augustocmallmann/.asdf/installs/ruby/3.1.2/lib/ruby/gems/3.1.0/gems/railties-7.0.4/lib/rails/engine.rb:530:in `call'
	from /Users/augustocmallmann/.asdf/installs/ruby/3.1.2/lib/ruby/gems/3.1.0/gems/puma-5.6.5/lib/puma/configuration.rb:252:in `call'
	from /Users/augustocmallmann/.asdf/installs/ruby/3.1.2/lib/ruby/gems/3.1.0/gems/puma-5.6.5/lib/puma/request.rb:77:in `block in handle_request'
	from /Users/augustocmallmann/.asdf/installs/ruby/3.1.2/lib/ruby/gems/3.1.0/gems/puma-5.6.5/lib/puma/thread_pool.rb:340:in `with_force_shutdown'
	from /Users/augustocmallmann/.asdf/installs/ruby/3.1.2/lib/ruby/gems/3.1.0/gems/puma-5.6.5/lib/puma/request.rb:76:in `handle_request'
	from /Users/augustocmallmann/.asdf/installs/ruby/3.1.2/lib/ruby/gems/3.1.0/gems/puma-5.6.5/lib/puma/server.rb:443:in `process_client'
	from /Users/augustocmallmann/.asdf/installs/ruby/3.1.2/lib/ruby/gems/3.1.0/gems/puma-5.6.5/lib/puma/thread_pool.rb:147:in `block in spawn_thread'
Started GET "/" for 127.0.0.1 at 2022-09-15 10:25:20 -0300
Processing by PagesController#index as HTML
  Rendering layout layouts/application.html.erb
  Rendering pages/index.html.erb within layouts/application
  Rendered pages/index.html.erb within layouts/application (Duration: 4.1ms | Allocations: 1784)
  Rendered layout layouts/application.html.erb (Duration: 48.4ms | Allocations: 37738)
Completed 200 OK in 67ms (Views: 67.0ms | ActiveRecord: 0.0ms | Allocations: 38021)


Started GET "/fonts/ProximaNova-Thin.woff2" for 127.0.0.1 at 2022-09-15 10:25:20 -0300
Started GET "/fonts/ProximaNova-Semibold.woff2" for 127.0.0.1 at 2022-09-15 10:25:20 -0300
  
ActionController::RoutingError (No route matches [GET] "/fonts/ProximaNova-Thin.woff2"):
  
  
ActionController::RoutingError (No route matches [GET] "/fonts/ProximaNova-Semibold.woff2"):
  
Started GET "/" for 127.0.0.1 at 2022-09-15 10:25:27 -0300
Processing by PagesController#index as HTML
  Rendering layout layouts/application.html.erb
  Rendering pages/index.html.erb within layouts/application
  Rendered pages/index.html.erb within layouts/application (Duration: 14.6ms | Allocations: 7011)
  Rendered layout layouts/application.html.erb (Duration: 448.0ms | Allocations: 146468)
Completed 200 OK in 457ms (Views: 450.6ms | ActiveRecord: 0.0ms | Allocations: 149808)


Started GET "/fonts/ProximaNova-Thin.woff2" for 127.0.0.1 at 2022-09-15 10:25:27 -0300
Started GET "/fonts/ProximaNova-Semibold.woff2" for 127.0.0.1 at 2022-09-15 10:25:27 -0300
  
ActionController::RoutingError (No route matches [GET] "/fonts/ProximaNova-Thin.woff2"):
  
  
ActionController::RoutingError (No route matches [GET] "/fonts/ProximaNova-Semibold.woff2"):
  
Started GET "/" for 127.0.0.1 at 2022-09-15 10:25:29 -0300
Processing by PagesController#index as HTML
  Rendering layout layouts/application.html.erb
  Rendering pages/index.html.erb within layouts/application
  Rendered pages/index.html.erb within layouts/application (Duration: 4.4ms | Allocations: 1761)
  Rendered layout layouts/application.html.erb (Duration: 48.1ms | Allocations: 36707)
Completed 200 OK in 49ms (Views: 48.6ms | ActiveRecord: 0.0ms | Allocations: 36987)


Started GET "/fonts/ProximaNova-Thin.woff2" for 127.0.0.1 at 2022-09-15 10:25:29 -0300
Started GET "/fonts/ProximaNova-Semibold.woff2" for 127.0.0.1 at 2022-09-15 10:25:29 -0300
  
ActionController::RoutingError (No route matches [GET] "/fonts/ProximaNova-Thin.woff2"):
  
  
ActionController::RoutingError (No route matches [GET] "/fonts/ProximaNova-Semibold.woff2"):
  
Started GET "/" for 127.0.0.1 at 2022-09-15 10:25:49 -0300
Processing by PagesController#index as HTML
  Rendering layout layouts/application.html.erb
  Rendering pages/index.html.erb within layouts/application
  Rendered pages/index.html.erb within layouts/application (Duration: 4.5ms | Allocations: 1726)
  Rendered layout layouts/application.html.erb (Duration: 67.0ms | Allocations: 37165)
Completed 200 OK in 68ms (Views: 67.3ms | ActiveRecord: 0.0ms | Allocations: 37401)


Started GET "/fonts/ProximaNova-Thin.woff2" for 127.0.0.1 at 2022-09-15 10:25:49 -0300
Started GET "/fonts/ProximaNova-Semibold.woff2" for 127.0.0.1 at 2022-09-15 10:25:49 -0300
  
ActionController::RoutingError (No route matches [GET] "/fonts/ProximaNova-Thin.woff2"):
  
  
ActionController::RoutingError (No route matches [GET] "/fonts/ProximaNova-Semibold.woff2"):
  
Started GET "/" for 127.0.0.1 at 2022-09-15 10:25:59 -0300
Processing by PagesController#index as HTML
  Rendering layout layouts/application.html.erb
  Rendering pages/index.html.erb within layouts/application
  Rendered pages/index.html.erb within layouts/application (Duration: 15.1ms | Allocations: 7011)
  Rendered layout layouts/application.html.erb (Duration: 438.4ms | Allocations: 142670)
Completed 200 OK in 446ms (Views: 441.1ms | ActiveRecord: 0.0ms | Allocations: 146010)


Started GET "/" for 127.0.0.1 at 2022-09-15 15:40:31 -0300
Processing by PagesController#index as HTML
  Rendering layout layouts/application.html.erb
  Rendering pages/index.html.erb within layouts/application
  Rendered pages/index.html.erb within layouts/application (Duration: 26.5ms | Allocations: 9120)
  Rendered layout layouts/application.html.erb (Duration: 5937.0ms | Allocations: 413821)
Completed 200 OK in 5958ms (Views: 5945.3ms | ActiveRecord: 0.0ms | Allocations: 418391)


Started GET "/" for ::1 at 2023-03-22 15:23:36 -0400
Processing by PagesController#index as HTML
  Rendering layout layouts/application.html.erb
  Rendering pages/index.html.erb within layouts/application
  Rendered pages/index.html.erb within layouts/application (Duration: 27.5ms | Allocations: 9119)
  Rendered layout layouts/application.html.erb (Duration: 5648.5ms | Allocations: 413916)
Completed 200 OK in 5665ms (Views: 5654.3ms | ActiveRecord: 0.0ms | Allocations: 418485)


Started GET "/" for ::1 at 2024-03-26 17:07:43 -0400
Processing by PagesController#index as HTML
  Rendering layout layouts/application.html.erb
  Rendering pages/index.html.erb within layouts/application
  Rendered pages/index.html.erb within layouts/application (Duration: 24.5ms | Allocations: 11065)
  Rendered layout layouts/application.html.erb (Duration: 5048.9ms | Allocations: 651940)
Completed 200 OK in 5065ms (Views: 5052.3ms | ActiveRecord: 0.0ms | Allocations: 658595)


